<?xml version="1.0" encoding="UTF-8"?>
<testsuite xmlns:xsi="http://www.w3.org/2001/XMLSchema-instance" xsi:noNamespaceSchemaLocation="https://maven.apache.org/surefire/maven-surefire-plugin/xsd/surefire-test-report.xsd" name="aya.AppTest" time="0.858" tests="1" errors="0" skipped="0" failures="0">
  <properties>
    <property name="sun.desktop" value="windows"/>
    <property name="awt.toolkit" value="sun.awt.windows.WToolkit"/>
    <property name="java.specification.version" value="11"/>
    <property name="sun.cpu.isalist" value="amd64"/>
    <property name="sun.jnu.encoding" value="GBK"/>
    <property name="java.class.path" value="C:\Users\lcxlh\source\CovidAnalysis\homework\target\test-classes;C:\Users\lcxlh\source\CovidAnalysis\homework\target\classes;C:\Users\lcxlh\.m2\repository\junit\junit\4.11\junit-4.11.jar;C:\Users\lcxlh\.m2\repository\org\hamcrest\hamcrest-core\1.3\hamcrest-core-1.3.jar;C:\Users\lcxlh\.m2\repository\com\opencsv\opencsv\5.5\opencsv-5.5.jar;C:\Users\lcxlh\.m2\repository\org\apache\commons\commons-lang3\3.12.0\commons-lang3-3.12.0.jar;C:\Users\lcxlh\.m2\repository\org\apache\commons\commons-text\1.9\commons-text-1.9.jar;C:\Users\lcxlh\.m2\repository\commons-beanutils\commons-beanutils\1.9.4\commons-beanutils-1.9.4.jar;C:\Users\lcxlh\.m2\repository\commons-logging\commons-logging\1.2\commons-logging-1.2.jar;C:\Users\lcxlh\.m2\repository\commons-collections\commons-collections\3.2.2\commons-collections-3.2.2.jar;C:\Users\lcxlh\.m2\repository\org\apache\commons\commons-collections4\4.4\commons-collections4-4.4.jar;"/>
    <property name="java.vm.vendor" value="Oracle Corporation"/>
    <property name="sun.arch.data.model" value="64"/>
    <property name="user.variant" value=""/>
    <property name="java.vendor.url" value="https://openjdk.java.net/"/>
    <property name="user.timezone" value="Asia/Shanghai"/>
    <property name="java.vm.specification.version" value="11"/>
    <property name="os.name" value="Windows 10"/>
    <property name="sun.java.launcher" value="SUN_STANDARD"/>
    <property name="user.country" value="CN"/>
    <property name="sun.boot.library.path" value="C:\Program Files\Java\jdk-11.0.11\bin"/>
    <property name="sun.java.command" value="C:\Users\lcxlh\AppData\Local\Temp\surefire4307114350445263934\surefirebooter9349299955489094524.jar C:\Users\lcxlh\AppData\Local\Temp\surefire4307114350445263934 2021-12-02T19-41-21_012-jvmRun1 surefire7575925923484587010tmp surefire_06678894342446032060tmp"/>
    <property name="jdk.debug" value="release"/>
    <property name="surefire.test.class.path" value="C:\Users\lcxlh\source\CovidAnalysis\homework\target\test-classes;C:\Users\lcxlh\source\CovidAnalysis\homework\target\classes;C:\Users\lcxlh\.m2\repository\junit\junit\4.11\junit-4.11.jar;C:\Users\lcxlh\.m2\repository\org\hamcrest\hamcrest-core\1.3\hamcrest-core-1.3.jar;C:\Users\lcxlh\.m2\repository\com\opencsv\opencsv\5.5\opencsv-5.5.jar;C:\Users\lcxlh\.m2\repository\org\apache\commons\commons-lang3\3.12.0\commons-lang3-3.12.0.jar;C:\Users\lcxlh\.m2\repository\org\apache\commons\commons-text\1.9\commons-text-1.9.jar;C:\Users\lcxlh\.m2\repository\commons-beanutils\commons-beanutils\1.9.4\commons-beanutils-1.9.4.jar;C:\Users\lcxlh\.m2\repository\commons-logging\commons-logging\1.2\commons-logging-1.2.jar;C:\Users\lcxlh\.m2\repository\commons-collections\commons-collections\3.2.2\commons-collections-3.2.2.jar;C:\Users\lcxlh\.m2\repository\org\apache\commons\commons-collections4\4.4\commons-collections4-4.4.jar;"/>
    <property name="sun.cpu.endian" value="little"/>
    <property name="user.home" value="C:\Users\lcxlh"/>
    <property name="user.language" value="en"/>
    <property name="java.specification.vendor" value="Oracle Corporation"/>
    <property name="java.version.date" value="2021-04-20"/>
    <property name="java.home" value="C:\Program Files\Java\jdk-11.0.11"/>
    <property name="file.separator" value="\"/>
    <property name="basedir" value="C:\Users\lcxlh\source\CovidAnalysis\homework"/>
    <property name="java.vm.compressedOopsMode" value="Zero based"/>
    <property name="line.separator" value="&#10;"/>
    <property name="java.specification.name" value="Java Platform API Specification"/>
    <property name="java.vm.specification.vendor" value="Oracle Corporation"/>
    <property name="java.awt.graphicsenv" value="sun.awt.Win32GraphicsEnvironment"/>
    <property name="surefire.real.class.path" value="C:\Users\lcxlh\AppData\Local\Temp\surefire4307114350445263934\surefirebooter9349299955489094524.jar"/>
    <property name="user.script" value=""/>
    <property name="sun.management.compiler" value="HotSpot 64-Bit Tiered Compilers"/>
    <property name="java.runtime.version" value="11.0.11+9-LTS-194"/>
    <property name="user.name" value="lcxlh"/>
    <property name="path.separator" value=";"/>
    <property name="os.version" value="10.0"/>
    <property name="java.runtime.name" value="Java(TM) SE Runtime Environment"/>
    <property name="file.encoding" value="GBK"/>
    <property name="java.vm.name" value="Java HotSpot(TM) 64-Bit Server VM"/>
    <property name="java.vendor.version" value="18.9"/>
    <property name="localRepository" value="C:\Users\lcxlh\.m2\repository"/>
    <property name="java.vendor.url.bug" value="https://bugreport.java.com/bugreport/"/>
    <property name="java.io.tmpdir" value="C:\Users\lcxlh\AppData\Local\Temp\"/>
    <property name="idea.version" value="2021.1.2"/>
    <property name="java.version" value="11.0.11"/>
    <property name="user.dir" value="C:\Users\lcxlh\source\CovidAnalysis\homework"/>
    <property name="os.arch" value="amd64"/>
    <property name="java.vm.specification.name" value="Java Virtual Machine Specification"/>
    <property name="java.awt.printerjob" value="sun.awt.windows.WPrinterJob"/>
    <property name="sun.os.patch.level" value=""/>
    <property name="java.library.path" value="C:\Program Files\Java\jdk-11.0.11\bin;C:\Windows\Sun\Java\bin;C:\Windows\system32;C:\Windows;C:\Python39\Scripts\;C:\Python39\;C:\Program Files\Common Files\Oracle\Java\javapath;C:\Windows\system32;C:\Windows;C:\Windows\System32\Wbem;C:\Windows\System32\WindowsPowerShell\v1.0\;C:\Windows\System32\OpenSSH\;C:\Program Files\PowerShell\7\;C:\ProgramData\chocolatey\bin;C:\Program Files (x86)\sbt\bin;C:\Program Files\dotnet\;C:\Program Files\LLVM\bin;C:\Program Files\nodejs\;C:\Program Files\Git\cmd;C:\Program Files (x86)\dotnet\;C:\Program Files\Wolfram Research\WolframScript\;C:\Program Files\Wireshark;C:\Program Files\Calibre2\;C:\tools\freepascal\bin\i386-Win32;C:\Program Files\Racket;C:\Coq\bin;C:\Program Files\OpenJDK\openjdk-11.0.11_9\bin;C:\ProgramData\chocolatey\lib\Tomcat\tools\apache-tomcat-9.0.45\bin;C:\Program Files\Docker\Docker\resources\bin;C:\ProgramData\DockerDesktop\version-bin;C:\Program Files (x86)\dotnet-core-uninstall\;C:\Program Files\Microsoft SQL Server\140\Tools\Binn\;C:\Program Files\Microsoft SQL Server\Client SDK\ODBC\170\Tools\Binn\;C:\Program Files\Microsoft SQL Server\150\Tools\Binn\;C:\Program Files\Graphviz\bin;C:\Program Files\7-Zip;C:\Program Files\Emacs\x86_64\bin;C:\ProgramData\chocolatey\lib\maven\apache-maven-3.8.4\bin;C:\Users\lcxlh\AppData\Local\Microsoft\WindowsApps;;C:\Users\lcxlh\AppData\Local\Programs\Microsoft VS Code\bin;C:\Users\lcxlh\Downloads\null\Coursier\data\bin;C:\Users\lcxlh\null\Coursier\data\bin;C:\Users\lcxlh\AppData\Local\Pandoc\;C:\Users\lcxlh\AppData\Roaming\cabal\bin;C:\tools\ghc-9.0.1\bin;C:\Users\lcxlh\.dotnet\tools;C:\Users\lcxlh\AppData\Roaming\npm;C:\Program Files\JetBrains\IntelliJ IDEA 2021.1.2\bin;;C:\Users\lcxlh\AppData\Local\Programs\Fiddler;C:\tools\mysql\current\bin;C:\Users\lcxlh\.dotnet\tools;C:\texlive\2021\bin\win32;."/>
    <property name="java.vendor" value="Oracle Corporation"/>
    <property name="java.vm.info" value="mixed mode"/>
    <property name="java.vm.version" value="11.0.11+9-LTS-194"/>
    <property name="sun.io.unicode.encoding" value="UnicodeLittle"/>
    <property name="java.class.version" value="55.0"/>
  </properties>
  <testcase name="shouldAnswerWithTrue" classname="aya.AppTest" time="0.832"/>
</testsuite>